mktexpk --mfmode / --bdpi 600 --mag 0+552/600 --dpi 552 futr8r
mktexpk --mfmode / --bdpi 600 --mag 0+552/600 --dpi 552 fourier-orns
mktexpk --mfmode / --bdpi 600 --mag 0+552/600 --dpi 552 fourier-alt
mktexpk --mfmode / --bdpi 600 --mag 0+552/600 --dpi 552 fourier-ms
mktexpk --mfmode / --bdpi 600 --mag 0+552/600 --dpi 552 fourier-mcl
mktexpk --mfmode / --bdpi 600 --mag 0+420/600 --dpi 420 fourier-mlit
mktexpk --mfmode / --bdpi 600 --mag 0+420/600 --dpi 420 fourier-ml
mktexpk --mfmode / --bdpi 600 --mag 0+420/600 --dpi 420 futr8r
mktexpk --mfmode / --bdpi 600 --mag 0+420/600 --dpi 420 futri8r
mktexpk --mfmode / --bdpi 600 --mag 0+552/600 --dpi 552 fourier-mlit
mktexpk --mfmode / --bdpi 600 --mag 0+552/600 --dpi 552 fourier-ml
mktexpk --mfmode / --bdpi 600 --mag 0+552/600 --dpi 552 futri8r
mktexpk --mfmode / --bdpi 600 --mag 0+420/600 --dpi 420 fourier-alt
mktexpk --mfmode / --bdpi 600 --mag 0+552/600 --dpi 552 fourier-alt-ita
mktexpk --mfmode / --bdpi 600 --mag 0+497/600 --dpi 497 futri8r
mktexpk --mfmode / --bdpi 600 --mag 0+497/600 --dpi 497 fourier-alt-ita
mktexpk --mfmode / --bdpi 600 --mag 0+497/600 --dpi 497 futb8r
mktexpk --mfmode / --bdpi 600 --mag 0+497/600 --dpi 497 fourier-alt-bold
mktexpk --mfmode / --bdpi 600 --mag 0+552/600 --dpi 552 futb8r
mktexpk --mfmode / --bdpi 600 --mag 0+552/600 --dpi 552 fourier-alt-bold
mktexpk --mfmode / --bdpi 600 --mag 1+195/600 --dpi 795 futb8r
mktexpk --mfmode / --bdpi 600 --mag 1+195/600 --dpi 795 fourier-alt-bold
mktexpk --mfmode / --bdpi 600 --mag 0+375/600 --dpi 375 futr8r
mktexpk --mfmode / --bdpi 600 --mag 0+375/600 --dpi 375 fourier-orns
mktexpk --mfmode / --bdpi 600 --mag 0+375/600 --dpi 375 fourier-alt
mktexpk --mfmode / --bdpi 600 --mag 0+442/600 --dpi 442 futr8r
mktexpk --mfmode / --bdpi 600 --mag 0+442/600 --dpi 442 fourier-alt
mktexpk --mfmode / --bdpi 600 --mag 0+497/600 --dpi 497 futr8r
mktexpk --mfmode / --bdpi 600 --mag 0+497/600 --dpi 497 fourier-orns
mktexpk --mfmode / --bdpi 600 --mag 0+497/600 --dpi 497 fourier-alt
mktexpk --mfmode / --bdpi 600 --mag 1+62/600 --dpi 662 futr8r
mktexpk --mfmode / --bdpi 600 --mag 1+62/600 --dpi 662 fourier-alt
mktexpk --mfmode / --bdpi 600 --mag 1+354/600 --dpi 954 futr8r
mktexpk --mfmode / --bdpi 600 --mag 1+354/600 --dpi 954 fourier-alt
